<?xml version="1.0" encoding="UTF-8"?>
<!-- Generated by org.testng.reporters.JUnitXMLReporter -->
<testsuite hostname="LAPTOP-30FJ9GPS" failures="1" tests="3" name="Test" time="82.864" errors="0" timestamp="29 May 2022 19:41:50 GMT">
  <testcase classname="com.Tutorial.testcases.YouTubeTest" name="checkVideoTitle" time="7.209"/>
  <testcase classname="com.Tutorial.testcases.YouTubeTest" name="checkVideoTitle" time="9.416"/>
  <testcase classname="com.Tutorial.testcases.YouTubeTest" name="checkVideoTitle" time="34.788">
    <failure type="org.openqa.selenium.TimeoutException" message="Expected condition failed: waiting for element to be clickable: [[ChromeDriver: chrome on WINDOWS (fe4004e54e9d6e1863a36221b2883947)] -&amp;gt; xpath: //div[@id=&amp;apos;container&amp;apos;]//h1] (tried for 30 second(s) with 500 milliseconds interval)
Build info: version: &amp;apos;3.13.0&amp;apos;, revision: &amp;apos;2f0d292&amp;apos;, time: &amp;apos;2018-06-25T15:24:21.231Z&amp;apos;
System info: host: &amp;apos;LAPTOP-30FJ9GPS&amp;apos;, ip: &amp;apos;192.168.1.3&amp;apos;, os.name: &amp;apos;Windows 10&amp;apos;, os.arch: &amp;apos;amd64&amp;apos;, os.version: &amp;apos;10.0&amp;apos;, java.version: &amp;apos;17.0.1&amp;apos;
Driver info: org.openqa.selenium.chrome.ChromeDriver
Capabilities {acceptInsecureCerts: false, browserName: chrome, browserVersion: 100.0.4896.127, chrome: {chromedriverVersion: 100.0.4896.20 (f9d71f93d32a..., userDataDir: C:\Users\Yasmi\AppData\Loca...}, goog:chromeOptions: {debuggerAddress: localhost:52379}, javascriptEnabled: true, networkConnectionEnabled: false, pageLoadStrategy: normal, platform: WINDOWS, platformName: WINDOWS, proxy: Proxy(), setWindowRect: true, strictFileInteractability: false, timeouts: {implicit: 0, pageLoad: 300000, script: 30000}, unhandledPromptBehavior: dismiss and notify, webauthn:extension:credBlob: true, webauthn:extension:largeBlob: true, webauthn:virtualAuthenticators: true}
Session ID: fe4004e54e9d6e1863a36221b2883947">
      <![CDATA[org.openqa.selenium.TimeoutException: Expected condition failed: waiting for element to be clickable: [[ChromeDriver: chrome on WINDOWS (fe4004e54e9d6e1863a36221b2883947)] -> xpath: //div[@id='container']//h1] (tried for 30 second(s) with 500 milliseconds interval)
Build info: version: '3.13.0', revision: '2f0d292', time: '2018-06-25T15:24:21.231Z'
System info: host: 'LAPTOP-30FJ9GPS', ip: '192.168.1.3', os.name: 'Windows 10', os.arch: 'amd64', os.version: '10.0', java.version: '17.0.1'
Driver info: org.openqa.selenium.chrome.ChromeDriver
Capabilities {acceptInsecureCerts: false, browserName: chrome, browserVersion: 100.0.4896.127, chrome: {chromedriverVersion: 100.0.4896.20 (f9d71f93d32a..., userDataDir: C:\Users\Yasmi\AppData\Loca...}, goog:chromeOptions: {debuggerAddress: localhost:52379}, javascriptEnabled: true, networkConnectionEnabled: false, pageLoadStrategy: normal, platform: WINDOWS, platformName: WINDOWS, proxy: Proxy(), setWindowRect: true, strictFileInteractability: false, timeouts: {implicit: 0, pageLoad: 300000, script: 30000}, unhandledPromptBehavior: dismiss and notify, webauthn:extension:credBlob: true, webauthn:extension:largeBlob: true, webauthn:virtualAuthenticators: true}
Session ID: fe4004e54e9d6e1863a36221b2883947
	at org.openqa.selenium.support.ui.WebDriverWait.timeoutException(WebDriverWait.java:81)
	at org.openqa.selenium.support.ui.FluentWait.until(FluentWait.java:271)
	at com.Tutorial.base.PageBase.waitUntilElementDisplayed(PageBase.java:20)
	at com.Tutorial.pages.YoutubePage.getVideoTitle(YoutubePage.java:87)
	at com.Tutorial.pages.YoutubePage.checkVideoTitles(YoutubePage.java:104)
	at com.Tutorial.testcases.YouTubeTest.checkVideoTitle(YouTubeTest.java:64)
... Removed 24 stack frames]]>
    </failure>
  </testcase> <!-- checkVideoTitle -->
</testsuite> <!-- Test -->
